<?xml version="1.0" encoding="UTF-8"?>
<!-- Generated by org.testng.reporters.JUnitXMLReporter -->
<testsuite ignored="0" hostname="Mayank" failures="0" tests="4" name="Test" time="150.621" errors="0" timestamp="2024-12-03T12:14:36 IST">
  <testcase classname="TestCases.TC_01Automobile" name="AutoInsurance" time="8.329"/>
  <testcase classname="TestCases.TC_02Truck" name="Truckinsurance" time="12.943"/>
  <testcase classname="TestCases.TC_03Motorcycle" name="Motorinsurance" time="7.873"/>
  <testcase classname="TestCases.TC_04Camper" name="Camperinsurance" time="8.296"/>
</testsuite> <!-- Test -->
