<?xml version="1.0" encoding="UTF-8"?>
<testng-results ignored="0" total="1" passed="1" failed="0" skipped="0">
  <reporter-output>
  </reporter-output>
  <suite started-at="2024-12-04T10:21:26 IST" name="Suite" finished-at="2024-12-04T10:21:36 IST" duration-ms="10422">
    <groups>
    </groups>
    <test started-at="2024-12-04T10:21:26 IST" name="Test" finished-at="2024-12-04T10:21:36 IST" duration-ms="10422">
      <class name="TestCases.TC_01Automobile">
        <test-method is-config="true" signature="setup()[pri:0, instance:TestCases.TC_01Automobile@4dc8caa7]" started-at="2024-12-04T10:21:26 IST" name="setup" finished-at="2024-12-04T10:21:33 IST" duration-ms="6639" status="PASS">
          <reporter-output>
          </reporter-output>
        </test-method> <!-- setup -->
        <test-method signature="AutoInsurance()[pri:0, instance:TestCases.TC_01Automobile@4dc8caa7]" started-at="2024-12-04T10:21:33 IST" name="AutoInsurance" finished-at="2024-12-04T10:21:36 IST" duration-ms="3479" status="PASS">
          <reporter-output>
          </reporter-output>
        </test-method> <!-- AutoInsurance -->
        <test-method is-config="true" signature="teardown()[pri:0, instance:TestCases.TC_01Automobile@4dc8caa7]" started-at="2024-12-04T10:21:36 IST" name="teardown" finished-at="2024-12-04T10:21:36 IST" duration-ms="154" status="PASS">
          <reporter-output>
          </reporter-output>
        </test-method> <!-- teardown -->
      </class> <!-- TestCases.TC_01Automobile -->
    </test> <!-- Test -->
  </suite> <!-- Suite -->
</testng-results>
