<?xml version="1.0" encoding="UTF-8"?>
<testng-results ignored="0" total="4" passed="4" failed="0" skipped="0">
  <reporter-output>
  </reporter-output>
  <suite started-at="2024-12-03T12:12:05 IST" name="Suite" finished-at="2024-12-03T12:14:36 IST" duration-ms="150621">
    <groups>
    </groups>
    <test started-at="2024-12-03T12:12:05 IST" name="Test" finished-at="2024-12-03T12:14:36 IST" duration-ms="150621">
      <class name="TestCases.TC_04Camper">
        <test-method is-config="true" signature="setup()[pri:0, instance:TestCases.TC_04Camper@5fe94a96]" started-at="2024-12-03T12:14:02 IST" name="setup" finished-at="2024-12-03T12:14:27 IST" duration-ms="25612" status="PASS">
          <reporter-output>
          </reporter-output>
        </test-method> <!-- setup -->
        <test-method signature="Camperinsurance()[pri:0, instance:TestCases.TC_04Camper@5fe94a96]" started-at="2024-12-03T12:14:27 IST" name="Camperinsurance" finished-at="2024-12-03T12:14:35 IST" duration-ms="8296" status="PASS">
          <reporter-output>
          </reporter-output>
        </test-method> <!-- Camperinsurance -->
        <test-method is-config="true" signature="teardown()[pri:0, instance:TestCases.TC_04Camper@5fe94a96]" started-at="2024-12-03T12:14:35 IST" name="teardown" finished-at="2024-12-03T12:14:36 IST" duration-ms="241" status="PASS">
          <reporter-output>
          </reporter-output>
        </test-method> <!-- teardown -->
      </class> <!-- TestCases.TC_04Camper -->
      <class name="TestCases.TC_01Automobile">
        <test-method is-config="true" signature="setup()[pri:0, instance:TestCases.TC_01Automobile@59474f18]" started-at="2024-12-03T12:12:05 IST" name="setup" finished-at="2024-12-03T12:12:36 IST" duration-ms="30912" status="PASS">
          <reporter-output>
          </reporter-output>
        </test-method> <!-- setup -->
        <test-method signature="AutoInsurance()[pri:0, instance:TestCases.TC_01Automobile@59474f18]" started-at="2024-12-03T12:12:36 IST" name="AutoInsurance" finished-at="2024-12-03T12:12:45 IST" duration-ms="8329" status="PASS">
          <reporter-output>
          </reporter-output>
        </test-method> <!-- AutoInsurance -->
        <test-method is-config="true" signature="teardown()[pri:0, instance:TestCases.TC_01Automobile@59474f18]" started-at="2024-12-03T12:12:45 IST" name="teardown" finished-at="2024-12-03T12:12:45 IST" duration-ms="261" status="PASS">
          <reporter-output>
          </reporter-output>
        </test-method> <!-- teardown -->
      </class> <!-- TestCases.TC_01Automobile -->
      <class name="TestCases.TC_02Truck">
        <test-method is-config="true" signature="setup()[pri:0, instance:TestCases.TC_02Truck@515c6049]" started-at="2024-12-03T12:12:45 IST" name="setup" finished-at="2024-12-03T12:13:19 IST" duration-ms="33866" status="PASS">
          <reporter-output>
          </reporter-output>
        </test-method> <!-- setup -->
        <test-method signature="Truckinsurance()[pri:0, instance:TestCases.TC_02Truck@515c6049]" started-at="2024-12-03T12:13:19 IST" name="Truckinsurance" finished-at="2024-12-03T12:13:32 IST" duration-ms="12943" status="PASS">
          <reporter-output>
          </reporter-output>
        </test-method> <!-- Truckinsurance -->
        <test-method is-config="true" signature="teardown()[pri:0, instance:TestCases.TC_02Truck@515c6049]" started-at="2024-12-03T12:13:32 IST" name="teardown" finished-at="2024-12-03T12:13:32 IST" duration-ms="231" status="PASS">
          <reporter-output>
          </reporter-output>
        </test-method> <!-- teardown -->
      </class> <!-- TestCases.TC_02Truck -->
      <class name="TestCases.TC_03Motorcycle">
        <test-method is-config="true" signature="setup()[pri:0, instance:TestCases.TC_03Motorcycle@639c2c1d]" started-at="2024-12-03T12:13:32 IST" name="setup" finished-at="2024-12-03T12:13:53 IST" duration-ms="21521" status="PASS">
          <reporter-output>
          </reporter-output>
        </test-method> <!-- setup -->
        <test-method signature="Motorinsurance()[pri:0, instance:TestCases.TC_03Motorcycle@639c2c1d]" started-at="2024-12-03T12:13:53 IST" name="Motorinsurance" finished-at="2024-12-03T12:14:01 IST" duration-ms="7873" status="PASS">
          <reporter-output>
          </reporter-output>
        </test-method> <!-- Motorinsurance -->
        <test-method is-config="true" signature="teardown()[pri:0, instance:TestCases.TC_03Motorcycle@639c2c1d]" started-at="2024-12-03T12:14:01 IST" name="teardown" finished-at="2024-12-03T12:14:02 IST" duration-ms="208" status="PASS">
          <reporter-output>
          </reporter-output>
        </test-method> <!-- teardown -->
      </class> <!-- TestCases.TC_03Motorcycle -->
    </test> <!-- Test -->
  </suite> <!-- Suite -->
</testng-results>
